

Microchip Technology PIC Macro Assembler V1.30 build 55553 
                                                                                                           Wed Nov 07 15:58:34 2018


     1                           
     2                           	; Microchip MPLAB XC8 C Compiler V1.30
     3                           	; Copyright (C) 1984-2014 HI-TECH Software
     4                           
     5                           	; Auto-generated runtime startup code for final link stage.
     6                           
     7                           	;
     8                           	; Compiler options:
     9                           	;
    10                           	; -oZH-SL-F60.cof -mZH-SL-F60.map --summary=default --output=default \
    11                           	; adc.p1 delay.p1 interrupt.p1 ird_remote.p1 key.p1 led.p1 main.p1 \
    12                           	; Modbus.p1 PID.p1 pwm.p1 task.p1 timer.p1 uart.p1 --chip=16F1938 \
    13                           	; -ID:\Program Files (x86)\Microchip\xc8\v1.30\include \
    14                           	; -ID:\MCUProject\ZH-SL-F60\include -P --runtime=default,+oscval:0 \
    15                           	; --opt=default,+asm,-debug,-speed,+space,9 --warn=0 -N255 -D__DEBUG=1 \
    16                           	; -Blarge --double=32 --float=32 --addrqual=ignore -g --asmlist \
    17                           	; --errformat=Error   [%n] %f; %l.%c %s --msgformat=Advisory[%n] %s \
    18                           	; --warnformat=Warning [%n] %f; %l.%c %s
    19                           	;
    20                           
    21                           
    22                           	processor	16F1938
    23                           
    24                           	global	_main,start,reset_vec
    25                           	fnroot	_main
    26                           	psect	config,class=CONFIG,delta=2,noexec
    27                           	psect	idloc,class=IDLOC,delta=2,noexec
    28                           	psect	code,class=CODE,delta=2
    29                           	psect	powerup,class=CODE,delta=2
    30                           	psect	reset_vec,class=CODE,delta=2
    31                           	psect	maintext,class=CODE,delta=2
    32  0000                     	C	set	0
    33  0002                     	Z	set	2
    34  0002                     	PCL	set	2
    35  0000                     	INDF	set	0
    36                           
    37  0003                     	STATUS	equ	3
    38  0008                     	BSR	equ	8
    39  000A                     	PCLATH	equ	0Ah
    40                           	psect	eeprom_data,class=EEDATA,delta=2,space=3,noexec
    41                           	psect	strings,class=CODE,delta=2,reloc=256
    42                           	psect	intentry,class=CODE,delta=2
    43                           	psect	functab,class=CODE,delta=2
    44                           	global	intlevel0,intlevel1,intlevel2, intlevel3, intlevel4, intlevel5
    45  0000                     intlevel0:
    46  0000                     intlevel1:
    47  0000                     intlevel2:
    48  0000                     intlevel3:
    49  0000                     intlevel4:
    50  0000                     intlevel5:
    51                           	psect	init,class=CODE,delta=2
    52                           	psect	cinit,class=CODE,delta=2
    53                           	psect	text,class=CODE,delta=2
    54                           	psect	end_init,class=CODE,delta=2
    55                           	psect	clrtext,class=CODE,delta=2
    56  0000                     	INDF0	set	0
    57  0001                     	INDF1	set	1
    58  0002                     	PCL	set	2
    59  0003                     	STATUS	set	3
    60  0004                     	FSR0L	set	4
    61  0005                     	FSR0H	set	5
    62  0006                     	FSR1L	set	6
    63  0007                     	FSR1H	set	7
    64  0008                     	BSR	set	8
    65  0009                     	WREG	set	9
    66  000A                     	PCLATH	set	10
    67  000B                     	INTCON	set	11
    68                           
    69                           	psect	reset_vec
    70  0000                     reset_vec:
    71                           	; No powerup routine
    72                           	global start
    73                           
    74                           ; jump to start
    75  0000  3182  2A7B         	ljmp	start
    76                           
    77                           
    78                           	psect	init
    79  027B                     start
    80                           
    81                           ;Initialize the stack pointer (FSR1)
    82                           ;Stack space: 022D0h-0236Fh (160 bytes)
    83                           
    84  0006                     	fsr1l	equ	6
    85  0007                     	fsr1h	equ	7
    86                           	global stacklo, stackhi
    87  22D0                     	stacklo	equ	022D0h
    88  236F                     	stackhi	equ	0236Fh
    89                           
    90                           
    91                           	psect	stack,class=STACK,space=2,noexec
    92                           	global ___sp,___int_sp
    93  0000                     	___sp:
    94  0000                     	___int_sp:
    95                           
    96                           	psect	end_init
    97                           	global start_initialization
    98  027B  3189  2996         	ljmp start_initialization	;jump to C runtime clear & initialization
    99                           
   100                           ; Config register CONFIG1 @ 0x8007
   101                           ;	Data Memory Code Protection
   102                           ;	CPD = OFF, Data memory code protection is disabled
   103                           ;	Brown-out Reset Enable
   104                           ;	BOREN = ON, Brown-out Reset enabled
   105                           ;	Internal/External Switchover
   106                           ;	IESO = OFF, Internal/External Switchover mode is disabled
   107                           ;	Oscillator Selection
   108                           ;	FOSC = INTOSC, INTOSC oscillator: I/O function on CLKIN pin
   109                           ;	Fail-Safe Clock Monitor Enable
   110                           ;	FCMEN = OFF, Fail-Safe Clock Monitor is disabled
   111                           ;	MCLR Pin Function Select
   112                           ;	MCLRE = ON, MCLR/VPP pin function is MCLR
   113                           ;	Watchdog Timer Enable
   114                           ;	WDTE = NSLEEP, WDT enabled while running and disabled in Sleep
   115                           ;	Flash Program Memory Code Protection
   116                           ;	CP = OFF, Program memory code protection is disabled
   117                           ;	Power-up Timer Enable
   118                           ;	PWRTE = OFF, PWRT disabled
   119                           ;	Clock Out Enable
   120                           ;	CLKOUTEN = OFF, CLKOUT function is disabled. I/O or oscillator function on the CLKOUT pin
   121                           
   122                           	psect	config
   123  8007                     		org 0x0
   124  8007  CFF4               		dw 0xCFF4
   125                           
   126                           ; Config register CONFIG2 @ 0x8008
   127                           ;	PLL Enable
   128                           ;	PLLEN = ON, 4x PLL enabled
   129                           ;	Flash Memory Self-Write Protection
   130                           ;	WRT = OFF, Write protection off
   131                           ;	Stack Overflow/Underflow Reset Enable
   132                           ;	STVREN = ON, Stack Overflow or Underflow will cause a Reset
   133                           ;	Brown-out Reset Voltage Selection
   134                           ;	BORV = LO, Brown-out Reset Voltage (Vbor), low trip point selected.
   135                           ;	Voltage Regulator Capacitor Enable
   136                           ;	VCAPEN = RA6, VCAP functionality is enabled on RA6
   137                           ;	Low-Voltage Programming Enable
   138                           ;	LVP = ON, Low-voltage programming enabled
   139                           
   140                           	psect	config
   141  8008                     		org 0x1
   142  8008  FFEF               		dw 0xFFEF


Microchip Technology PIC Macro Assembler V1.30 build 55553 
Symbol Table                                                                                               Wed Nov 07 15:58:34 2018

               ___sp 0000                 _main 0A45                 start 027B               stackhi 236F  
             stacklo 22D0  start_initialization 0996             ___int_sp 0000             intlevel0 0000  
           intlevel1 0000             intlevel2 0000             intlevel3 0000             intlevel4 0000  
           intlevel5 0000             reset_vec 0000  
